<?xml version="1.0" encoding="UTF-8"?>
<testsuite xmlns:xsi="http://www.w3.org/2001/XMLSchema-instance" xsi:noNamespaceSchemaLocation="https://maven.apache.org/surefire/maven-surefire-plugin/xsd/surefire-test-report-3.0.xsd" version="3.0" name="com.ganesh.personal.AWSEnabledApp.AwsEnabledAppApplicationTests" time="5.531" tests="1" errors="0" skipped="0" failures="0">
  <properties>
[...]
</properties>
  <testcase name="contextLoads" classname="com.ganesh.personal.AWSEnabledApp.AwsEnabledAppApplicationTests" time="0.683">
    <system-out><![CDATA[11:09:44.894 [main] INFO org.springframework.test.context.support.AnnotationConfigContextLoaderUtils -- Could not detect default configuration classes for test class [com.ganesh.personal.AWSEnabledApp.AwsEnabledAppApplicationTests]: AwsEnabledAppApplicationTests does not declare any static, non-private, non-final, nested classes annotated with @Configuration.
11:09:45.006 [main] INFO org.springframework.boot.test.context.SpringBootTestContextBootstrapper -- Found @SpringBootConfiguration com.ganesh.personal.AWSEnabledApp.AwsEnabledAppApplication for test class com.ganesh.personal.AWSEnabledApp.AwsEnabledAppApplicationTests

  .   ____          _            __ _ _
 /\\ / ___'_ __ _ _(_)_ __  __ _ \ \ \ \
( ( )\___ | '_ | '_| | '_ \/ _` | \ \ \ \
 \\/  ___)| |_)| | | | | || (_| |  ) ) ) )
  '  |____| .__|_| |_|_| |_\__, | / / / /
 =========|_|==============|___/=/_/_/_/
 :: Spring Boot ::                (v3.1.0)

2023-08-03T11:09:45.460+05:30  INFO 36691 --- [           main] c.g.p.A.AwsEnabledAppApplicationTests    : Starting AwsEnabledAppApplicationTests using Java 17.0.8 with PID 36691 (started by ganeshlakshminarayanan in /Users/ganeshlakshminarayanan/codebase/personal/AWSEnabledApp)
2023-08-03T11:09:45.461+05:30  INFO 36691 --- [           main] c.g.p.A.AwsEnabledAppApplicationTests    : The following 1 profile is active: "test"
2023-08-03T11:09:45.501+05:30 DEBUG 36691 --- [           main] o.s.w.c.s.GenericWebApplicationContext   : Refreshing org.springframework.web.context.support.GenericWebApplicationContext@4b21844c
2023-08-03T11:09:46.154+05:30  INFO 36691 --- [           main] .s.d.r.c.RepositoryConfigurationDelegate : Bootstrapping Spring Data JPA repositories in DEFAULT mode.
2023-08-03T11:09:46.218+05:30  INFO 36691 --- [           main] .s.d.r.c.RepositoryConfigurationDelegate : Finished Spring Data repository scanning in 53 ms. Found 2 JPA repository interfaces.
2023-08-03T11:09:46.689+05:30  INFO 36691 --- [           main] o.hibernate.jpa.internal.util.LogHelper  : HHH000204: Processing PersistenceUnitInfo [name: default]
2023-08-03T11:09:46.771+05:30  INFO 36691 --- [           main] org.hibernate.Version                    : HHH000412: Hibernate ORM core version 6.2.2.Final
2023-08-03T11:09:46.774+05:30  INFO 36691 --- [           main] org.hibernate.cfg.Environment            : HHH000406: Using bytecode reflection optimizer
2023-08-03T11:09:46.979+05:30  INFO 36691 --- [           main] o.h.b.i.BytecodeProviderInitiator        : HHH000021: Bytecode provider name : bytebuddy
2023-08-03T11:09:47.166+05:30  INFO 36691 --- [           main] o.s.o.j.p.SpringPersistenceUnitInfo      : No LoadTimeWeaver setup: ignoring JPA class transformer
2023-08-03T11:09:47.184+05:30  INFO 36691 --- [           main] com.zaxxer.hikari.HikariDataSource       : HikariPool-1 - Starting...
2023-08-03T11:09:47.444+05:30  INFO 36691 --- [           main] com.zaxxer.hikari.pool.HikariPool        : HikariPool-1 - Added connection conn0: url=jdbc:h2:mem:testdb user=SA
2023-08-03T11:09:47.448+05:30  INFO 36691 --- [           main] com.zaxxer.hikari.HikariDataSource       : HikariPool-1 - Start completed.
2023-08-03T11:09:47.485+05:30  INFO 36691 --- [           main] org.hibernate.orm.dialect                : HHH035001: Using dialect: org.hibernate.dialect.H2Dialect, version: 2.1.214
2023-08-03T11:09:47.738+05:30  INFO 36691 --- [           main] o.h.b.i.BytecodeProviderInitiator        : HHH000021: Bytecode provider name : bytebuddy
2023-08-03T11:09:48.507+05:30  INFO 36691 --- [           main] o.h.e.t.j.p.i.JtaPlatformInitiator       : HHH000490: Using JtaPlatform implementation: [org.hibernate.engine.transaction.jta.platform.internal.NoJtaPlatform]
Hibernate: create table order_items (id uuid not null, sku varchar(255), price_per_item integer not null, quantity integer not null, orders_id uuid, primary key (id))
Hibernate: create table orders (id uuid not null, created_by varchar(255), created_date varchar(255), currency varchar(255), total integer not null, primary key (id))
Hibernate: alter table if exists order_items add constraint FKqmxbj1e77sls50umaww7pkpnx foreign key (orders_id) references orders
2023-08-03T11:09:48.584+05:30  INFO 36691 --- [           main] j.LocalContainerEntityManagerFactoryBean : Initialized JPA EntityManagerFactory for persistence unit 'default'
2023-08-03T11:09:49.101+05:30  WARN 36691 --- [           main] JpaBaseConfiguration$JpaWebConfiguration : spring.jpa.open-in-view is enabled by default. Therefore, database queries may be performed during view rendering. Explicitly configure spring.jpa.open-in-view to disable this warning
2023-08-03T11:09:49.275+05:30 DEBUG 36691 --- [           main] s.w.s.m.m.a.RequestMappingHandlerAdapter : ControllerAdvice beans: 0 @ModelAttribute, 0 @InitBinder, 1 RequestBodyAdvice, 1 ResponseBodyAdvice
2023-08-03T11:09:49.385+05:30 DEBUG 36691 --- [           main] s.w.s.m.m.a.RequestMappingHandlerMapping : 5 mappings in 'requestMappingHandlerMapping'
2023-08-03T11:09:49.413+05:30 DEBUG 36691 --- [           main] o.s.w.s.handler.SimpleUrlHandlerMapping  : Patterns [/webjars/**, /**] in 'resourceHandlerMapping'
2023-08-03T11:09:49.427+05:30 DEBUG 36691 --- [           main] .m.m.a.ExceptionHandlerExceptionResolver : ControllerAdvice beans: 0 @ExceptionHandler, 1 ResponseBodyAdvice
2023-08-03T11:09:49.526+05:30  INFO 36691 --- [           main] c.g.p.A.AwsEnabledAppApplicationTests    : Started AwsEnabledAppApplicationTests in 4.375 seconds (process running for 5.441)
]]></system-out>
  </testcase>
</testsuite>